make.exe all --print-data-base --no-builtin-variables --no-builtin-rules --question
make: Circular list.h <- list.h dependency dropped.
make: Circular node.h <- node.h dependency dropped.

# GNU Make 4.3
# Built for Windows32
# Copyright (C) 1988-2020 Free Software Foundation, Inc.
# License GPLv3+: GNU GPL version 3 or later <http://gnu.org/licenses/gpl.html>
# This is free software: you are free to change and redistribute it.
# There is NO WARRANTY, to the extent permitted by law.

# Make data base, printed on Wed Jul 27 16:03:12 2022

# Variables

# environment
SYSTEMDRIVE = C:
# environment
LC_ALL = C
# makefile (from 'makefile', line 3)
G = -g
# environment
USERPROFILE = C:\Users\pramo
# environment
LOCALAPPDATA = C:\Users\pramo\AppData\Local
# environment
VSCODE_CWD = C:\Program Files\Microsoft VS Code
# environment
CHOCOLATEYINSTALL = C:\ProgramData\chocolatey
# environment
SYSTEMROOT = C:\Windows
# environment
PROCESSOR_LEVEL = 6
# environment
PSMODULEPATH = C:\Program Files\WindowsPowerShell\Modules;C:\Windows\system32\WindowsPowerShell\v1.0\Modules
# default
MAKE_COMMAND := C:/ProgramData/chocolatey/lib/make/tools/install/bin/make.exe
# automatic
@D = $(patsubst %/,%,$(patsubst %\,%,$(dir $@)))
# environment
CHROME_CRASHPAD_PIPE_NAME = \\.\pipe\crashpad_15624_DPPEGZLJKKZLDAZC
# environment
VSCODE_HANDLES_UNCAUGHT_ERRORS = true
# default
.VARIABLES := 
# automatic
%D = $(patsubst %/,%,$(patsubst %\,%,$(dir $%)))
# automatic
^D = $(patsubst %/,%,$(patsubst %\,%,$(dir $^)))
# automatic
%F = $(notdir $%)
# environment
VSCODE_CODE_CACHE_PATH = C:\Users\pramo\AppData\Roaming\Code\CachedData\3b889b090b5ad5793f524b5d1d39fda662b96a2a
# environment
LANG = C
# default
.LOADED := 
# environment
TMP = C:\Users\pramo\AppData\Local\Temp
# default
.INCLUDE_DIRS = .
# environment
PROCESSOR_ARCHITEW6432 = AMD64
# makefile
MAKEFLAGS = pqrR
# environment
ONEDRIVE = C:\Users\pramo\OneDrive
# makefile
CURDIR := c:/Users/pramo/OneDrive/Desktop/c++/projets/sales-management-system
# environment
APPLICATION_INSIGHTS_NO_DIAGNOSTIC_CHANNEL = 1
# automatic
*D = $(patsubst %/,%,$(patsubst %\,%,$(dir $*)))
# environment
PROGRAMFILES = C:\Program Files (x86)
# environment
MFLAGS = -pqrR
# default
.SHELLFLAGS := -c
# environment
COMMONPROGRAMW6432 = C:\Program Files\Common Files
# automatic
+D = $(patsubst %/,%,$(patsubst %\,%,$(dir $+)))
# makefile (from 'makefile', line 1)
MAKEFILE_LIST := makefile
# automatic
@F = $(notdir $@)
# environment
VSCODE_PID = 15624
# automatic
?D = $(patsubst %/,%,$(patsubst %\,%,$(dir $?)))
# environment
SIGRITY_EDA_DIR = C:\Cadence\SPB_17.2
# automatic
*F = $(notdir $*)
# automatic
<D = $(patsubst %/,%,$(patsubst %\,%,$(dir $<)))
# environment
VSCODE_NLS_CONFIG = {"locale":"en-us","availableLanguages":{},"_languagePackSupport":true}
# environment
ONEDRIVECONSUMER = C:\Users\pramo\OneDrive
# default
MAKE_HOST := Windows32
# environment
PROGRAMDATA = C:\ProgramData
# default
SHELL := sh.exe
# environment
HOMEPATH = \Users\pramo
# default
MAKECMDGOALS := all
# environment
DRIVERDATA = C:\Windows\System32\Drivers\DriverData
# environment
COMSPEC = C:\Windows\system32\cmd.exe
# environment
WINDIR = C:\Windows
# environment
MAKELEVEL := 0
# default
MAKE = $(MAKE_COMMAND)
# environment
PATH = C:\Program Files\Eclipse Adoptium\jre-17.0.3.7-hotspot\bin;C:\Windows\system32;C:\Windows;C:\Windows\System32\Wbem;C:\Windows\System32\WindowsPowerShell\v1.0\;C:\Windows\System32\OpenSSH\;C:\Program Files\NVIDIA Corporation\NVIDIA NvDLISR;C:\Program Files\Microsoft VS Code\bin;C:\Program Files (x86)\dotnet\;C:\Program Files\dotnet\;C:\Program Files (x86)\NVIDIA Corporation\PhysX\Common;C:\MinGW\bin;C:\MinGW\bin;C:\Program Files\Git\cmd;C:\ProgramData\chocolatey\bin;C:\Program Files (x86)\Arm GNU Toolchain arm-none-eabi\11.2 2022.02\bin;C:\Users\pramo\AppData\Local\Microsoft\WindowsApps;C:\MinGW\mingw32\bin;C:\Users\pramo\.dotnet\tools;C:\Users\pramo\AppData\Local\GitHubDesktop\bin
# environment
COMPUTERNAME = DESKTOP-UU72K8U
# default
MAKEFILES := 
# automatic
^F = $(notdir $^)
# environment
PROMPT = $P$G
# environment
CHOCOLATEYLASTPATHUPDATE = 133033898838395341
# environment
LOGONSERVER = \\DESKTOP-UU72K8U
# environment
USERNAME = pramo
# environment
COMMONPROGRAMFILES = C:\Program Files (x86)\Common Files
# automatic
?F = $(notdir $?)
# environment
PROGRAMW6432 = C:\Program Files
# environment
PATHEXT = .COM;.EXE;.BAT;.CMD;.VBS;.VBE;.JS;.JSE;.WSF;.WSH;.MSC
# automatic
+F = $(notdir $+)
# environment
ORIGINAL_XDG_CURRENT_DESKTOP = undefined
# environment
USERDOMAIN = DESKTOP-UU72K8U
# 'override' directive
GNUMAKEFLAGS := 
# environment
OS = Windows_NT
# makefile
.DEFAULT_GOAL := all
# default
MAKE_VERSION := 4.3
# environment
PROGRAMFILES(X86) = C:\Program Files (x86)
# makefile (from 'makefile', line 4)
Executable = main
# environment
USERDOMAIN_ROAMINGPROFILE = DESKTOP-UU72K8U
# environment
NUMBER_OF_PROCESSORS = 4
# environment
CDS_LIC_FILE = 5280@localhost
# environment
PUBLIC = C:\Users\Public
# environment
APPDATA = C:\Users\pramo\AppData\Roaming
# environment
HOMEDRIVE = C:
# environment
PROCESSOR_ARCHITECTURE = x86
# environment
VSCODE_AMD_ENTRYPOINT = vs/workbench/api/node/extensionHostProcess
# environment
HOME = C:\Users\pramo\AppData\Roaming\SPB_Data
# environment
COMMONPROGRAMFILES(X86) = C:\Program Files (x86)\Common Files
# environment
ELECTRON_RUN_AS_NODE = 1
# environment
TEMP = C:\Users\pramo\AppData\Local\Temp
# environment
VSCODE_IPC_HOOK = \\.\pipe\87f95815ad3f7eb6ec09138e44b902f0-1.69.2-main-sock
# default
.RECIPEPREFIX := 
# automatic
<F = $(notdir $<)
# default
SUFFIXES := 
# environment
ALLUSERSPROFILE = C:\ProgramData
# environment
SESSIONNAME = Console
# default
.FEATURES := target-specific order-only second-expansion else-if shortest-stem undefine oneshell nocomment grouped-target extra-prereqs archives jobserver output-sync load
# environment
PROCESSOR_REVISION = 5e03
# makefile (from 'makefile', line 2)
CC = g++
# environment
CDS_LIC_ONLY = 1
# environment
PROCESSOR_IDENTIFIER = Intel64 Family 6 Model 94 Stepping 3, GenuineIntel
# variable set hash-table stats:
# Load=97/1024=9%, Rehash=0, Collisions=8/128=6%

# Pattern-specific Variable Values

# No pattern-specific variable values.

# Directories

# . (key c:/Users/pramo/OneDrive/Desktop/c++/projets/sales-management-system, mtime 1658917574): 18 files, no impossibilities.

# 18 files, no impossibilities in 1 directories.

# Implicit Rules

# No implicit rules.

# Files

node.h:
#  Implicit rule search has not been done.
#  Last modified 2022-07-26 13:22:53
#  File has been updated.
#  Successfully updated.
#  recipe to execute (from 'makefile', line 13):
	#(CC)  -c node.h 

clean:
#  Implicit rule search has not been done.
#  Modification time never checked.
#  File has not been updated.
#  recipe to execute (from 'makefile', line 16):
	rm -rf *.o $(Executable)

# Not a target:
.DEFAULT:
#  Implicit rule search has not been done.
#  Modification time never checked.
#  File has not been updated.

all: list.h node.h
#  Command line target.
#  Implicit rule search has not been done.
#  Implicit/static pattern stem: ''
#  File does not exist.
#  File has been updated.
#  Needs to be updated (-q is set).
# automatic
# @ := all
# automatic
# * := 
# automatic
# < := list.h
# automatic
# + := list.h node.h
# automatic
# % := 
# automatic
# ^ := list.h node.h
# automatic
# ? := list.h node.h
# automatic
# | := 
# variable set hash-table stats:
# Load=8/32=25%, Rehash=0, Collisions=1/12=8%
#  recipe to execute (from 'makefile', line 7):
	#(CC)  node.h list.h main_file.cpp -o$(Executable)

# Not a target:
makefile:
#  Implicit rule search has been done.
#  Last modified 2022-07-27 15:57:44
#  File has been updated.
#  Successfully updated.

# Not a target:
.SUFFIXES:
#  Implicit rule search has not been done.
#  Modification time never checked.
#  File has not been updated.

list.h:
#  Implicit rule search has not been done.
#  Last modified 2022-07-26 17:50:34
#  File has been updated.
#  Successfully updated.
#  recipe to execute (from 'makefile', line 11):
	#(CC)  -c list.h

# files hash-table stats:
# Load=7/1024=1%, Rehash=0, Collisions=0/25=0%
# VPATH Search Paths

# No 'vpath' search paths.

# No general ('VPATH' variable) search path.

# strcache buffers: 1 (0) / strings = 22 / storage = 183 B / avg = 8 B
# current buf: size = 8174 B / used = 183 B / count = 22 / avg = 8 B

# strcache performance: lookups = 38 / hit rate = 42%
# hash-table stats:
# Load=22/8192=0%, Rehash=0, Collisions=0/38=0%
# Finished Make data base on Wed Jul 27 16:03:12 2022

 
